Active-HDL 15.0.261.9132 2024-07-22 20:02:17

Elaboration top modules:
Architecture                  Behavioral(behavioral_1_bit_full_adder)


--------------------------------------------------------------------------------------------------------------------------
Entity                      | Architecture | Library             | Info | Compiler Version          | Compilation Options
--------------------------------------------------------------------------------------------------------------------------
behavioral_1_bit_full_adder | Behavioral   | Four_Bit_FulL_Adder |      | 15.0.261.9132 (Windows64) | -O3
--------------------------------------------------------------------------------------------------------------------------

--------------------------------------------------------------------------------------------------------------------------
VHDL Package                               | Library             | Info | Compiler Version          | Compilation Options
--------------------------------------------------------------------------------------------------------------------------
standard                                   | std                 |      |                           | <unavailable>
TEXTIO                                     | std                 |      | 15.0.261.9132 (Windows64) |  -2019
std_logic_1164                             | ieee                |      | 15.0.261.9132 (Windows64) |  -2008
--------------------------------------------------------------------------------------------------------------------------

--------------------------------------------------------------------------------------------------------------------------
Library                                    | Comment
--------------------------------------------------------------------------------------------------------------------------
Four_Bit_FulL_Adder                        | None
ieee                                       | Standard IEEE packages library
std                                        | Standard VHDL library
--------------------------------------------------------------------------------------------------------------------------


Simulation Options: asim -O5 +access +r +m+behavioral_1_bit_full_adder behavioral_1_bit_full_adder behavioral


The performance of simulation is reduced. Version Student Edition
